<?xml version="1.0" encoding="UTF-8"?>
<robot generator="Robot 3.2.2 (Python 3.7.4 on win32)" generated="20210103 16:55:36.782" rpa="false">
<suite id="s1" name="Eee" source="D:\qcb-git\lemon123\eee.robot">
<test id="s1-t1" name="rrr">
<kw name="中文方法">
<arguments>
<arg>WARN</arg>
</arguments>
<assign>
<var>${LOG_FILE}</var>
</assign>
<msg timestamp="20210103 16:55:37.198" level="FAIL">No keyword with name '中文方法' found.</msg>
<status status="FAIL" starttime="20210103 16:55:37.197" endtime="20210103 16:55:37.198"></status>
</kw>
<tags>
<tag>asdfgbn</tag>
</tags>
<status status="FAIL" starttime="20210103 16:55:37.190" endtime="20210103 16:55:37.205" critical="yes">No keyword with name '中文方法' found.</status>
</test>
<test id="s1-t2" name="addq">
<kw name="Set Variable" library="BuiltIn">
<doc>Returns the given values which can then be assigned to a variables.</doc>
<arguments>
<arg>我们的</arg>
</arguments>
<assign>
<var>${var_name}</var>
</assign>
<msg timestamp="20210103 16:55:37.211" level="INFO">${var_name} = 我们的</msg>
<status status="PASS" starttime="20210103 16:55:37.210" endtime="20210103 16:55:37.211"></status>
</kw>
<kw name="Log" library="BuiltIn">
<doc>Logs the given message with the given level.</doc>
<arguments>
<arg>${var_name}</arg>
</arguments>
<msg timestamp="20210103 16:55:37.212" level="INFO">我们的</msg>
<status status="PASS" starttime="20210103 16:55:37.211" endtime="20210103 16:55:37.212"></status>
</kw>
<kw name="Create List" library="BuiltIn">
<doc>Returns a list containing given items.</doc>
<arguments>
<arg>1</arg>
<arg>2</arg>
<arg>3</arg>
<arg>4</arg>
</arguments>
<assign>
<var>@{var_n}</var>
</assign>
<msg timestamp="20210103 16:55:37.213" level="INFO">@{var_n} = [ 1 | 2 | 3 | 4 ]</msg>
<status status="PASS" starttime="20210103 16:55:37.212" endtime="20210103 16:55:37.213"></status>
</kw>
<kw name="Log" library="BuiltIn">
<doc>Logs the given message with the given level.</doc>
<arguments>
<arg>${var_n}</arg>
</arguments>
<msg timestamp="20210103 16:55:37.214" level="INFO">['1', '2', '3', '4']</msg>
<status status="PASS" starttime="20210103 16:55:37.213" endtime="20210103 16:55:37.214"></status>
</kw>
<kw name="Append To List" library="Collections">
<doc>Adds ``values`` to the end of ``list``.</doc>
<arguments>
<arg>${var_n}</arg>
<arg>5</arg>
</arguments>
<status status="PASS" starttime="20210103 16:55:37.215" endtime="20210103 16:55:37.215"></status>
</kw>
<kw name="Log" library="BuiltIn">
<doc>Logs the given message with the given level.</doc>
<arguments>
<arg>${var_n}</arg>
</arguments>
<msg timestamp="20210103 16:55:37.216" level="INFO">['1', '2', '3', '4', '5']</msg>
<status status="PASS" starttime="20210103 16:55:37.216" endtime="20210103 16:55:37.216"></status>
</kw>
<kw name="Insert Into List" library="Collections">
<doc>Inserts ``value`` into ``list`` to the position specified with ``index``.</doc>
<arguments>
<arg>${var_n}</arg>
<arg>0</arg>
<arg>Q</arg>
</arguments>
<status status="PASS" starttime="20210103 16:55:37.220" endtime="20210103 16:55:37.221"></status>
</kw>
<kw name="Log" library="BuiltIn">
<doc>Logs the given message with the given level.</doc>
<arguments>
<arg>${var_n}</arg>
</arguments>
<msg timestamp="20210103 16:55:37.222" level="INFO">['Q', '1', '2', '3', '4', '5']</msg>
<status status="PASS" starttime="20210103 16:55:37.222" endtime="20210103 16:55:37.223"></status>
</kw>
<kw name="Get Length" library="BuiltIn">
<doc>Returns and logs the length of the given item as an integer.</doc>
<arguments>
<arg>${var_n}</arg>
</arguments>
<assign>
<var>${var_n}</var>
</assign>
<msg timestamp="20210103 16:55:37.224" level="INFO">Length is 6</msg>
<msg timestamp="20210103 16:55:37.224" level="INFO">${var_n} = 6</msg>
<status status="PASS" starttime="20210103 16:55:37.223" endtime="20210103 16:55:37.224"></status>
</kw>
<status status="PASS" starttime="20210103 16:55:37.209" endtime="20210103 16:55:37.225" critical="yes"></status>
</test>
<test id="s1-t3" name="ddd">
<kw name="Open Browser" library="SeleniumLibrary">
<doc>Opens a new browser instance to the optional ``url``.</doc>
<arguments>
<arg>http://erp.lemfix.com/login.html</arg>
<arg>GC</arg>
</arguments>
<msg timestamp="20210103 16:55:37.230" level="INFO">Opening browser 'GC' to base url 'http://erp.lemfix.com/login.html'.</msg>
<status status="PASS" starttime="20210103 16:55:37.230" endtime="20210103 16:55:41.955"></status>
</kw>
<kw name="Maximize Browser Window" library="SeleniumLibrary">
<doc>Maximizes current browser window.</doc>
<status status="PASS" starttime="20210103 16:55:41.956" endtime="20210103 16:55:44.140"></status>
</kw>
<kw name="Get Title" library="SeleniumLibrary">
<doc>Returns the title of the current page.</doc>
<assign>
<var>${title}</var>
</assign>
<msg timestamp="20210103 16:55:44.150" level="INFO">${title} = 柠檬ERP</msg>
<status status="PASS" starttime="20210103 16:55:44.142" endtime="20210103 16:55:44.150"></status>
</kw>
<kw name="Comment" library="BuiltIn">
<doc>Displays the given messages in the log file as keyword arguments.</doc>
<arguments>
<arg>Title Should Be</arg>
<arg>柠檬ERP</arg>
</arguments>
<status status="PASS" starttime="20210103 16:55:44.152" endtime="20210103 16:55:44.153"></status>
</kw>
<kw name="Comment" library="BuiltIn">
<doc>Displays the given messages in the log file as keyword arguments.</doc>
<arguments>
<arg>Should Be Equal</arg>
<arg>${title}</arg>
<arg>柠檬ERP</arg>
</arguments>
<status status="PASS" starttime="20210103 16:55:44.153" endtime="20210103 16:55:44.154"></status>
</kw>
<kw name="Run Keyword If" library="BuiltIn">
<doc>Runs the given keyword with the given arguments, if ``condition`` is true.</doc>
<arguments>
<arg>'${title}'=='柠檬ERP'</arg>
<arg>log</arg>
<arg>测试通过</arg>
<arg>ELSE</arg>
<arg>log</arg>
<arg>测试不通过</arg>
</arguments>
<kw name="Log" library="BuiltIn">
<doc>Logs the given message with the given level.</doc>
<arguments>
<arg>测试通过</arg>
</arguments>
<msg timestamp="20210103 16:55:44.162" level="INFO">测试通过</msg>
<status status="PASS" starttime="20210103 16:55:44.161" endtime="20210103 16:55:44.162"></status>
</kw>
<status status="PASS" starttime="20210103 16:55:44.154" endtime="20210103 16:55:44.162"></status>
</kw>
<kw name="Get Text" library="SeleniumLibrary">
<doc>Returns the text value of the element identified by ``locator``.</doc>
<arguments>
<arg>xpath=/html/body/div/div/div[1]/a/b</arg>
</arguments>
<assign>
<var>${page_text}</var>
</assign>
<msg timestamp="20210103 16:55:44.212" level="INFO">${page_text} = 柠檬ERP</msg>
<status status="PASS" starttime="20210103 16:55:44.163" endtime="20210103 16:55:44.212"></status>
</kw>
<kw name="Should Be Equal" library="BuiltIn">
<doc>Fails if the given objects are unequal.</doc>
<arguments>
<arg>${page_text}</arg>
<arg>柠檬ERP</arg>
</arguments>
<status status="PASS" starttime="20210103 16:55:44.213" endtime="20210103 16:55:44.214"></status>
</kw>
<kw name="Get Text" library="SeleniumLibrary">
<doc>Returns the text value of the element identified by ``locator``.</doc>
<arguments>
<arg>xpath=/html/body/div/div/div[1]/a/small</arg>
</arguments>
<assign>
<var>${page_text2}</var>
</assign>
<msg timestamp="20210103 16:55:44.262" level="INFO">${page_text2} = V1.3</msg>
<status status="PASS" starttime="20210103 16:55:44.215" endtime="20210103 16:55:44.262"></status>
</kw>
<kw name="Should Be Equal" library="BuiltIn">
<doc>Fails if the given objects are unequal.</doc>
<arguments>
<arg>${page_text2}</arg>
<arg>V1.3</arg>
</arguments>
<status status="PASS" starttime="20210103 16:55:44.264" endtime="20210103 16:55:44.265"></status>
</kw>
<kw name="Click Element" library="SeleniumLibrary">
<doc>Click the element identified by ``locator``.</doc>
<arguments>
<arg>xpath=//*[@id="username"]</arg>
</arguments>
<msg timestamp="20210103 16:55:44.267" level="INFO">Clicking element 'xpath=//*[@id="username"]'.</msg>
<status status="PASS" starttime="20210103 16:55:44.266" endtime="20210103 16:55:44.380"></status>
</kw>
<kw name="Comment" library="BuiltIn">
<doc>Displays the given messages in the log file as keyword arguments.</doc>
<arguments>
<arg>Click Element</arg>
<arg>username</arg>
</arguments>
<status status="PASS" starttime="20210103 16:55:44.384" endtime="20210103 16:55:44.384"></status>
</kw>
<kw name="Input Text" library="SeleniumLibrary">
<doc>Types the given ``text`` into the text field identified by ``locator``.</doc>
<arguments>
<arg>xpath=//*[@id="username"]</arg>
<arg>test123</arg>
</arguments>
<msg timestamp="20210103 16:55:44.387" level="INFO">Typing text 'test123' into text field 'xpath=//*[@id="username"]'.</msg>
<status status="PASS" starttime="20210103 16:55:44.386" endtime="20210103 16:55:44.516"></status>
</kw>
<kw name="Click Element" library="SeleniumLibrary">
<doc>Click the element identified by ``locator``.</doc>
<arguments>
<arg>xpath=//*[@id="password"]</arg>
</arguments>
<msg timestamp="20210103 16:55:44.519" level="INFO">Clicking element 'xpath=//*[@id="password"]'.</msg>
<status status="PASS" starttime="20210103 16:55:44.518" endtime="20210103 16:55:44.609"></status>
</kw>
<kw name="Input Password" library="SeleniumLibrary">
<doc>Types the given password into the text field identified by ``locator``.</doc>
<arguments>
<arg>xpath=//*[@id="password"]</arg>
<arg>123456</arg>
</arguments>
<msg timestamp="20210103 16:55:44.611" level="INFO">Typing password into text field 'xpath=//*[@id="password"]'.</msg>
<msg timestamp="20210103 16:55:44.677" level="INFO">Temporally setting log level to: NONE</msg>
<msg timestamp="20210103 16:55:44.734" level="INFO">Log level changed from NONE to INFO.</msg>
<status status="PASS" starttime="20210103 16:55:44.610" endtime="20210103 16:55:44.734"></status>
</kw>
<kw name="Click Element" library="SeleniumLibrary">
<doc>Click the element identified by ``locator``.</doc>
<arguments>
<arg>xpath=//button[@id="btnSubmit"]</arg>
</arguments>
<msg timestamp="20210103 16:55:44.737" level="INFO">Clicking element 'xpath=//button[@id="btnSubmit"]'.</msg>
<status status="PASS" starttime="20210103 16:55:44.737" endtime="20210103 16:55:44.829"></status>
</kw>
<kw name="Wait Until Element Is Visible" library="SeleniumLibrary">
<doc>Waits until the element ``locator`` is visible.</doc>
<arguments>
<arg>xpath=//div[1]/div[2]/p</arg>
</arguments>
<status status="PASS" starttime="20210103 16:55:44.831" endtime="20210103 16:55:46.318"></status>
</kw>
<kw name="Get Text" library="SeleniumLibrary">
<doc>Returns the text value of the element identified by ``locator``.</doc>
<arguments>
<arg>xpath=//div[1]/div[2]/p</arg>
</arguments>
<assign>
<var>${user_name}</var>
</assign>
<msg timestamp="20210103 16:55:46.359" level="INFO">${user_name} = 测试用户</msg>
<status status="PASS" starttime="20210103 16:55:46.320" endtime="20210103 16:55:46.359"></status>
</kw>
<kw name="Should Be Equal" library="BuiltIn">
<doc>Fails if the given objects are unequal.</doc>
<arguments>
<arg>${user_name}</arg>
<arg>测试用户</arg>
</arguments>
<status status="PASS" starttime="20210103 16:55:46.360" endtime="20210103 16:55:46.361"></status>
</kw>
<kw name="Run Keyword If" library="BuiltIn">
<doc>Runs the given keyword with the given arguments, if ``condition`` is true.</doc>
<arguments>
<arg>'${user_name}'=='测试用户'</arg>
<arg>log</arg>
<arg>测试通过</arg>
<arg>ELSE</arg>
<arg>log</arg>
<arg>测试不通过</arg>
</arguments>
<kw name="Log" library="BuiltIn">
<doc>Logs the given message with the given level.</doc>
<arguments>
<arg>测试通过</arg>
</arguments>
<msg timestamp="20210103 16:55:46.363" level="INFO">测试通过</msg>
<status status="PASS" starttime="20210103 16:55:46.362" endtime="20210103 16:55:46.363"></status>
</kw>
<status status="PASS" starttime="20210103 16:55:46.362" endtime="20210103 16:55:46.363"></status>
</kw>
<status status="PASS" starttime="20210103 16:55:37.228" endtime="20210103 16:55:46.364" critical="yes"></status>
</test>
<test id="s1-t4" name="QQ">
<kw name="Get Element Count" library="SeleniumLibrary">
<doc>Returns the number of elements matching ``locator``.</doc>
<arguments>
<arg>xpath=//*[@id="leftMenu"]/ul/li</arg>
</arguments>
<assign>
<var>${tab-count}</var>
</assign>
<msg timestamp="20210103 16:55:46.383" level="INFO">${tab-count} = 8</msg>
<status status="PASS" starttime="20210103 16:55:46.366" endtime="20210103 16:55:46.383"></status>
</kw>
<kw name="Create List" library="BuiltIn">
<doc>Returns a list containing given items.</doc>
<arguments>
<arg>零售管理</arg>
<arg>采购管理</arg>
<arg>销售管理</arg>
<arg>仓库管理</arg>
<arg>财务管理</arg>
<arg>报表查询</arg>
<arg>商品管理</arg>
<arg>基本资料</arg>
</arguments>
<assign>
<var>${tab_relname}</var>
</assign>
<msg timestamp="20210103 16:55:46.385" level="INFO">${tab_relname} = ['零售管理', '采购管理', '销售管理', '仓库管理', '财务管理', '报表查询', '商品管理', '基本资料']</msg>
<status status="PASS" starttime="20210103 16:55:46.384" endtime="20210103 16:55:46.385"></status>
</kw>
<kw name="Create List" library="BuiltIn">
<doc>Returns a list containing given items.</doc>
<assign>
<var>${tab-ex}</var>
</assign>
<msg timestamp="20210103 16:55:46.386" level="INFO">${tab-ex} = []</msg>
<status status="PASS" starttime="20210103 16:55:46.386" endtime="20210103 16:55:46.386"></status>
</kw>
<kw name="${num} IN RANGE [ ${tab-count} ]" type="for">
<kw name="${num} = 0" type="foritem">
<kw name="Get Text" library="SeleniumLibrary">
<doc>Returns the text value of the element identified by ``locator``.</doc>
<arguments>
<arg>xpath=//*[@id="leftMenu"]/ul/li[${num}+1]/a/span[1]</arg>
</arguments>
<assign>
<var>${tab_name}</var>
</assign>
<msg timestamp="20210103 16:55:46.582" level="INFO">${tab_name} = 零售管理</msg>
<status status="PASS" starttime="20210103 16:55:46.387" endtime="20210103 16:55:46.582"></status>
</kw>
<kw name="Comment" library="BuiltIn">
<doc>Displays the given messages in the log file as keyword arguments.</doc>
<arguments>
<arg>Should Be Equal</arg>
<arg>${tab_name}</arg>
<arg>${tab_relname}[${num}]</arg>
</arguments>
<status status="PASS" starttime="20210103 16:55:46.583" endtime="20210103 16:55:46.583"></status>
</kw>
<kw name="Comment" library="BuiltIn">
<doc>Displays the given messages in the log file as keyword arguments.</doc>
<arguments>
<arg>Run Keyword If</arg>
<arg>'${tab_name}'=='${tab_relname}[${num}]'</arg>
<arg>log</arg>
<arg>测试通过</arg>
</arguments>
<status status="PASS" starttime="20210103 16:55:46.583" endtime="20210103 16:55:46.584"></status>
</kw>
<kw name="Comment" library="BuiltIn">
<doc>Displays the given messages in the log file as keyword arguments.</doc>
<arguments>
<arg>...</arg>
<arg>ELSE</arg>
<arg>log</arg>
<arg>测试不通过</arg>
</arguments>
<status status="PASS" starttime="20210103 16:55:46.584" endtime="20210103 16:55:46.584"></status>
</kw>
<kw name="Append To List" library="Collections">
<doc>Adds ``values`` to the end of ``list``.</doc>
<arguments>
<arg>${tab-ex}</arg>
<arg>${tab_name}</arg>
</arguments>
<status status="PASS" starttime="20210103 16:55:46.585" endtime="20210103 16:55:46.585"></status>
</kw>
<status status="PASS" starttime="20210103 16:55:46.387" endtime="20210103 16:55:46.585"></status>
</kw>
<kw name="${num} = 1" type="foritem">
<kw name="Get Text" library="SeleniumLibrary">
<doc>Returns the text value of the element identified by ``locator``.</doc>
<arguments>
<arg>xpath=//*[@id="leftMenu"]/ul/li[${num}+1]/a/span[1]</arg>
</arguments>
<assign>
<var>${tab_name}</var>
</assign>
<msg timestamp="20210103 16:55:46.628" level="INFO">${tab_name} = 采购管理</msg>
<status status="PASS" starttime="20210103 16:55:46.585" endtime="20210103 16:55:46.628"></status>
</kw>
<kw name="Comment" library="BuiltIn">
<doc>Displays the given messages in the log file as keyword arguments.</doc>
<arguments>
<arg>Should Be Equal</arg>
<arg>${tab_name}</arg>
<arg>${tab_relname}[${num}]</arg>
</arguments>
<status status="PASS" starttime="20210103 16:55:46.628" endtime="20210103 16:55:46.629"></status>
</kw>
<kw name="Comment" library="BuiltIn">
<doc>Displays the given messages in the log file as keyword arguments.</doc>
<arguments>
<arg>Run Keyword If</arg>
<arg>'${tab_name}'=='${tab_relname}[${num}]'</arg>
<arg>log</arg>
<arg>测试通过</arg>
</arguments>
<status status="PASS" starttime="20210103 16:55:46.629" endtime="20210103 16:55:46.630"></status>
</kw>
<kw name="Comment" library="BuiltIn">
<doc>Displays the given messages in the log file as keyword arguments.</doc>
<arguments>
<arg>...</arg>
<arg>ELSE</arg>
<arg>log</arg>
<arg>测试不通过</arg>
</arguments>
<status status="PASS" starttime="20210103 16:55:46.630" endtime="20210103 16:55:46.631"></status>
</kw>
<kw name="Append To List" library="Collections">
<doc>Adds ``values`` to the end of ``list``.</doc>
<arguments>
<arg>${tab-ex}</arg>
<arg>${tab_name}</arg>
</arguments>
<status status="PASS" starttime="20210103 16:55:46.632" endtime="20210103 16:55:46.632"></status>
</kw>
<status status="PASS" starttime="20210103 16:55:46.585" endtime="20210103 16:55:46.632"></status>
</kw>
<kw name="${num} = 2" type="foritem">
<kw name="Get Text" library="SeleniumLibrary">
<doc>Returns the text value of the element identified by ``locator``.</doc>
<arguments>
<arg>xpath=//*[@id="leftMenu"]/ul/li[${num}+1]/a/span[1]</arg>
</arguments>
<assign>
<var>${tab_name}</var>
</assign>
<msg timestamp="20210103 16:55:46.689" level="INFO">${tab_name} = 销售管理</msg>
<status status="PASS" starttime="20210103 16:55:46.633" endtime="20210103 16:55:46.689"></status>
</kw>
<kw name="Comment" library="BuiltIn">
<doc>Displays the given messages in the log file as keyword arguments.</doc>
<arguments>
<arg>Should Be Equal</arg>
<arg>${tab_name}</arg>
<arg>${tab_relname}[${num}]</arg>
</arguments>
<status status="PASS" starttime="20210103 16:55:46.690" endtime="20210103 16:55:46.690"></status>
</kw>
<kw name="Comment" library="BuiltIn">
<doc>Displays the given messages in the log file as keyword arguments.</doc>
<arguments>
<arg>Run Keyword If</arg>
<arg>'${tab_name}'=='${tab_relname}[${num}]'</arg>
<arg>log</arg>
<arg>测试通过</arg>
</arguments>
<status status="PASS" starttime="20210103 16:55:46.690" endtime="20210103 16:55:46.691"></status>
</kw>
<kw name="Comment" library="BuiltIn">
<doc>Displays the given messages in the log file as keyword arguments.</doc>
<arguments>
<arg>...</arg>
<arg>ELSE</arg>
<arg>log</arg>
<arg>测试不通过</arg>
</arguments>
<status status="PASS" starttime="20210103 16:55:46.691" endtime="20210103 16:55:46.692"></status>
</kw>
<kw name="Append To List" library="Collections">
<doc>Adds ``values`` to the end of ``list``.</doc>
<arguments>
<arg>${tab-ex}</arg>
<arg>${tab_name}</arg>
</arguments>
<status status="PASS" starttime="20210103 16:55:46.692" endtime="20210103 16:55:46.692"></status>
</kw>
<status status="PASS" starttime="20210103 16:55:46.633" endtime="20210103 16:55:46.692"></status>
</kw>
<kw name="${num} = 3" type="foritem">
<kw name="Get Text" library="SeleniumLibrary">
<doc>Returns the text value of the element identified by ``locator``.</doc>
<arguments>
<arg>xpath=//*[@id="leftMenu"]/ul/li[${num}+1]/a/span[1]</arg>
</arguments>
<assign>
<var>${tab_name}</var>
</assign>
<msg timestamp="20210103 16:55:46.742" level="INFO">${tab_name} = 仓库管理</msg>
<status status="PASS" starttime="20210103 16:55:46.693" endtime="20210103 16:55:46.742"></status>
</kw>
<kw name="Comment" library="BuiltIn">
<doc>Displays the given messages in the log file as keyword arguments.</doc>
<arguments>
<arg>Should Be Equal</arg>
<arg>${tab_name}</arg>
<arg>${tab_relname}[${num}]</arg>
</arguments>
<status status="PASS" starttime="20210103 16:55:46.742" endtime="20210103 16:55:46.742"></status>
</kw>
<kw name="Comment" library="BuiltIn">
<doc>Displays the given messages in the log file as keyword arguments.</doc>
<arguments>
<arg>Run Keyword If</arg>
<arg>'${tab_name}'=='${tab_relname}[${num}]'</arg>
<arg>log</arg>
<arg>测试通过</arg>
</arguments>
<status status="PASS" starttime="20210103 16:55:46.743" endtime="20210103 16:55:46.743"></status>
</kw>
<kw name="Comment" library="BuiltIn">
<doc>Displays the given messages in the log file as keyword arguments.</doc>
<arguments>
<arg>...</arg>
<arg>ELSE</arg>
<arg>log</arg>
<arg>测试不通过</arg>
</arguments>
<status status="PASS" starttime="20210103 16:55:46.743" endtime="20210103 16:55:46.743"></status>
</kw>
<kw name="Append To List" library="Collections">
<doc>Adds ``values`` to the end of ``list``.</doc>
<arguments>
<arg>${tab-ex}</arg>
<arg>${tab_name}</arg>
</arguments>
<status status="PASS" starttime="20210103 16:55:46.743" endtime="20210103 16:55:46.744"></status>
</kw>
<status status="PASS" starttime="20210103 16:55:46.693" endtime="20210103 16:55:46.744"></status>
</kw>
<kw name="${num} = 4" type="foritem">
<kw name="Get Text" library="SeleniumLibrary">
<doc>Returns the text value of the element identified by ``locator``.</doc>
<arguments>
<arg>xpath=//*[@id="leftMenu"]/ul/li[${num}+1]/a/span[1]</arg>
</arguments>
<assign>
<var>${tab_name}</var>
</assign>
<msg timestamp="20210103 16:55:46.782" level="INFO">${tab_name} = 财务管理</msg>
<status status="PASS" starttime="20210103 16:55:46.744" endtime="20210103 16:55:46.782"></status>
</kw>
<kw name="Comment" library="BuiltIn">
<doc>Displays the given messages in the log file as keyword arguments.</doc>
<arguments>
<arg>Should Be Equal</arg>
<arg>${tab_name}</arg>
<arg>${tab_relname}[${num}]</arg>
</arguments>
<status status="PASS" starttime="20210103 16:55:46.783" endtime="20210103 16:55:46.783"></status>
</kw>
<kw name="Comment" library="BuiltIn">
<doc>Displays the given messages in the log file as keyword arguments.</doc>
<arguments>
<arg>Run Keyword If</arg>
<arg>'${tab_name}'=='${tab_relname}[${num}]'</arg>
<arg>log</arg>
<arg>测试通过</arg>
</arguments>
<status status="PASS" starttime="20210103 16:55:46.784" endtime="20210103 16:55:46.784"></status>
</kw>
<kw name="Comment" library="BuiltIn">
<doc>Displays the given messages in the log file as keyword arguments.</doc>
<arguments>
<arg>...</arg>
<arg>ELSE</arg>
<arg>log</arg>
<arg>测试不通过</arg>
</arguments>
<status status="PASS" starttime="20210103 16:55:46.785" endtime="20210103 16:55:46.785"></status>
</kw>
<kw name="Append To List" library="Collections">
<doc>Adds ``values`` to the end of ``list``.</doc>
<arguments>
<arg>${tab-ex}</arg>
<arg>${tab_name}</arg>
</arguments>
<status status="PASS" starttime="20210103 16:55:46.786" endtime="20210103 16:55:46.787"></status>
</kw>
<status status="PASS" starttime="20210103 16:55:46.744" endtime="20210103 16:55:46.787"></status>
</kw>
<kw name="${num} = 5" type="foritem">
<kw name="Get Text" library="SeleniumLibrary">
<doc>Returns the text value of the element identified by ``locator``.</doc>
<arguments>
<arg>xpath=//*[@id="leftMenu"]/ul/li[${num}+1]/a/span[1]</arg>
</arguments>
<assign>
<var>${tab_name}</var>
</assign>
<msg timestamp="20210103 16:55:46.826" level="INFO">${tab_name} = 报表查询</msg>
<status status="PASS" starttime="20210103 16:55:46.787" endtime="20210103 16:55:46.826"></status>
</kw>
<kw name="Comment" library="BuiltIn">
<doc>Displays the given messages in the log file as keyword arguments.</doc>
<arguments>
<arg>Should Be Equal</arg>
<arg>${tab_name}</arg>
<arg>${tab_relname}[${num}]</arg>
</arguments>
<status status="PASS" starttime="20210103 16:55:46.826" endtime="20210103 16:55:46.827"></status>
</kw>
<kw name="Comment" library="BuiltIn">
<doc>Displays the given messages in the log file as keyword arguments.</doc>
<arguments>
<arg>Run Keyword If</arg>
<arg>'${tab_name}'=='${tab_relname}[${num}]'</arg>
<arg>log</arg>
<arg>测试通过</arg>
</arguments>
<status status="PASS" starttime="20210103 16:55:46.827" endtime="20210103 16:55:46.827"></status>
</kw>
<kw name="Comment" library="BuiltIn">
<doc>Displays the given messages in the log file as keyword arguments.</doc>
<arguments>
<arg>...</arg>
<arg>ELSE</arg>
<arg>log</arg>
<arg>测试不通过</arg>
</arguments>
<status status="PASS" starttime="20210103 16:55:46.827" endtime="20210103 16:55:46.827"></status>
</kw>
<kw name="Append To List" library="Collections">
<doc>Adds ``values`` to the end of ``list``.</doc>
<arguments>
<arg>${tab-ex}</arg>
<arg>${tab_name}</arg>
</arguments>
<status status="PASS" starttime="20210103 16:55:46.828" endtime="20210103 16:55:46.828"></status>
</kw>
<status status="PASS" starttime="20210103 16:55:46.787" endtime="20210103 16:55:46.828"></status>
</kw>
<kw name="${num} = 6" type="foritem">
<kw name="Get Text" library="SeleniumLibrary">
<doc>Returns the text value of the element identified by ``locator``.</doc>
<arguments>
<arg>xpath=//*[@id="leftMenu"]/ul/li[${num}+1]/a/span[1]</arg>
</arguments>
<assign>
<var>${tab_name}</var>
</assign>
<msg timestamp="20210103 16:55:46.863" level="INFO">${tab_name} = 商品管理</msg>
<status status="PASS" starttime="20210103 16:55:46.828" endtime="20210103 16:55:46.863"></status>
</kw>
<kw name="Comment" library="BuiltIn">
<doc>Displays the given messages in the log file as keyword arguments.</doc>
<arguments>
<arg>Should Be Equal</arg>
<arg>${tab_name}</arg>
<arg>${tab_relname}[${num}]</arg>
</arguments>
<status status="PASS" starttime="20210103 16:55:46.863" endtime="20210103 16:55:46.863"></status>
</kw>
<kw name="Comment" library="BuiltIn">
<doc>Displays the given messages in the log file as keyword arguments.</doc>
<arguments>
<arg>Run Keyword If</arg>
<arg>'${tab_name}'=='${tab_relname}[${num}]'</arg>
<arg>log</arg>
<arg>测试通过</arg>
</arguments>
<status status="PASS" starttime="20210103 16:55:46.863" endtime="20210103 16:55:46.864"></status>
</kw>
<kw name="Comment" library="BuiltIn">
<doc>Displays the given messages in the log file as keyword arguments.</doc>
<arguments>
<arg>...</arg>
<arg>ELSE</arg>
<arg>log</arg>
<arg>测试不通过</arg>
</arguments>
<status status="PASS" starttime="20210103 16:55:46.864" endtime="20210103 16:55:46.864"></status>
</kw>
<kw name="Append To List" library="Collections">
<doc>Adds ``values`` to the end of ``list``.</doc>
<arguments>
<arg>${tab-ex}</arg>
<arg>${tab_name}</arg>
</arguments>
<status status="PASS" starttime="20210103 16:55:46.864" endtime="20210103 16:55:46.864"></status>
</kw>
<status status="PASS" starttime="20210103 16:55:46.828" endtime="20210103 16:55:46.864"></status>
</kw>
<kw name="${num} = 7" type="foritem">
<kw name="Get Text" library="SeleniumLibrary">
<doc>Returns the text value of the element identified by ``locator``.</doc>
<arguments>
<arg>xpath=//*[@id="leftMenu"]/ul/li[${num}+1]/a/span[1]</arg>
</arguments>
<assign>
<var>${tab_name}</var>
</assign>
<msg timestamp="20210103 16:55:46.899" level="INFO">${tab_name} = 基本资料</msg>
<status status="PASS" starttime="20210103 16:55:46.865" endtime="20210103 16:55:46.899"></status>
</kw>
<kw name="Comment" library="BuiltIn">
<doc>Displays the given messages in the log file as keyword arguments.</doc>
<arguments>
<arg>Should Be Equal</arg>
<arg>${tab_name}</arg>
<arg>${tab_relname}[${num}]</arg>
</arguments>
<status status="PASS" starttime="20210103 16:55:46.899" endtime="20210103 16:55:46.900"></status>
</kw>
<kw name="Comment" library="BuiltIn">
<doc>Displays the given messages in the log file as keyword arguments.</doc>
<arguments>
<arg>Run Keyword If</arg>
<arg>'${tab_name}'=='${tab_relname}[${num}]'</arg>
<arg>log</arg>
<arg>测试通过</arg>
</arguments>
<status status="PASS" starttime="20210103 16:55:46.900" endtime="20210103 16:55:46.900"></status>
</kw>
<kw name="Comment" library="BuiltIn">
<doc>Displays the given messages in the log file as keyword arguments.</doc>
<arguments>
<arg>...</arg>
<arg>ELSE</arg>
<arg>log</arg>
<arg>测试不通过</arg>
</arguments>
<status status="PASS" starttime="20210103 16:55:46.900" endtime="20210103 16:55:46.901"></status>
</kw>
<kw name="Append To List" library="Collections">
<doc>Adds ``values`` to the end of ``list``.</doc>
<arguments>
<arg>${tab-ex}</arg>
<arg>${tab_name}</arg>
</arguments>
<status status="PASS" starttime="20210103 16:55:46.901" endtime="20210103 16:55:46.902"></status>
</kw>
<status status="PASS" starttime="20210103 16:55:46.864" endtime="20210103 16:55:46.902"></status>
</kw>
<status status="PASS" starttime="20210103 16:55:46.387" endtime="20210103 16:55:46.902"></status>
</kw>
<kw name="Log" library="BuiltIn">
<doc>Logs the given message with the given level.</doc>
<arguments>
<arg>${tab-ex}</arg>
</arguments>
<msg timestamp="20210103 16:55:46.903" level="INFO">['零售管理', '采购管理', '销售管理', '仓库管理', '财务管理', '报表查询', '商品管理', '基本资料']</msg>
<status status="PASS" starttime="20210103 16:55:46.903" endtime="20210103 16:55:46.903"></status>
</kw>
<kw name="Should Be Equal" library="BuiltIn">
<doc>Fails if the given objects are unequal.</doc>
<arguments>
<arg>${tab_relname}</arg>
<arg>${tab-ex}</arg>
</arguments>
<status status="PASS" starttime="20210103 16:55:46.904" endtime="20210103 16:55:46.904"></status>
</kw>
<kw name="Click Element" library="SeleniumLibrary">
<doc>Click the element identified by ``locator``.</doc>
<arguments>
<arg>xpath=//*[@id="leftMenu"]/ul/li[1]/ul/li[1]/a/span</arg>
</arguments>
<msg timestamp="20210103 16:55:46.905" level="INFO">Clicking element 'xpath=//*[@id="leftMenu"]/ul/li[1]/ul/li[1]/a/span'.</msg>
<status status="PASS" starttime="20210103 16:55:46.905" endtime="20210103 16:55:47.021"></status>
</kw>
<kw name="Get Text" library="SeleniumLibrary">
<doc>Returns the text value of the element identified by ``locator``.</doc>
<arguments>
<arg>xpath=//*[@id="tabpanel"]/div/div[1]/div[3]/ul/li[2]/div[1]</arg>
</arguments>
<assign>
<var>${get-text}</var>
</assign>
<msg timestamp="20210103 16:55:47.069" level="INFO">${get-text} = 零售出库</msg>
<status status="PASS" starttime="20210103 16:55:47.022" endtime="20210103 16:55:47.069"></status>
</kw>
<kw name="Should Be Equal" library="BuiltIn">
<doc>Fails if the given objects are unequal.</doc>
<arguments>
<arg>${get-text}</arg>
<arg>零售出库</arg>
</arguments>
<status status="PASS" starttime="20210103 16:55:47.070" endtime="20210103 16:55:47.071"></status>
</kw>
<kw name="Get Element Attribute" library="SeleniumLibrary">
<doc>Returns the value of ``attribute`` from the element ``locator``.</doc>
<arguments>
<arg>xpath=//*[@id="tabpanel"]/div/div[2]/div[2]/iframe</arg>
<arg>id</arg>
</arguments>
<assign>
<var>${id}</var>
</assign>
<msg timestamp="20210103 16:55:47.098" level="INFO">${id} = tabpanel-a7d52e7b1f-frame</msg>
<status status="PASS" starttime="20210103 16:55:47.072" endtime="20210103 16:55:47.098"></status>
</kw>
<kw name="Set Variable" library="BuiltIn">
<doc>Returns the given values which can then be assigned to a variables.</doc>
<arguments>
<arg>${id}</arg>
</arguments>
<assign>
<var>${frame_id}</var>
</assign>
<msg timestamp="20210103 16:55:47.099" level="INFO">${frame_id} = tabpanel-a7d52e7b1f-frame</msg>
<status status="PASS" starttime="20210103 16:55:47.098" endtime="20210103 16:55:47.099"></status>
</kw>
<kw name="Log" library="BuiltIn">
<doc>Logs the given message with the given level.</doc>
<arguments>
<arg>${frame_id}</arg>
</arguments>
<msg timestamp="20210103 16:55:47.100" level="INFO">tabpanel-a7d52e7b1f-frame</msg>
<status status="PASS" starttime="20210103 16:55:47.100" endtime="20210103 16:55:47.101"></status>
</kw>
<kw name="Select Frame" library="SeleniumLibrary">
<doc>Sets frame identified by ``locator`` as the current frame.</doc>
<arguments>
<arg>${frame_id}</arg>
</arguments>
<msg timestamp="20210103 16:55:47.102" level="INFO">Selecting frame 'tabpanel-a7d52e7b1f-frame'.</msg>
<status status="PASS" starttime="20210103 16:55:47.102" endtime="20210103 16:55:48.476"></status>
</kw>
<kw name="Get Element Count" library="SeleniumLibrary">
<doc>Returns the number of elements matching ``locator``.</doc>
<arguments>
<arg>xpath=//*[@id="tablePanel"]/div/div/div[2]/div[2]/div[2]/table/tbody/tr</arg>
</arguments>
<assign>
<var>${ge}</var>
</assign>
<msg timestamp="20210103 16:55:48.505" level="INFO">${ge} = 6</msg>
<status status="PASS" starttime="20210103 16:55:48.477" endtime="20210103 16:55:48.505"></status>
</kw>
<kw name="Click Element" library="SeleniumLibrary">
<doc>Click the element identified by ``locator``.</doc>
<arguments>
<arg>xpath=//*[@id="searchBtn"]/span/span</arg>
</arguments>
<msg timestamp="20210103 16:55:48.506" level="INFO">Clicking element 'xpath=//*[@id="searchBtn"]/span/span'.</msg>
<status status="PASS" starttime="20210103 16:55:48.506" endtime="20210103 16:55:48.684"></status>
</kw>
<kw name="Input Text" library="SeleniumLibrary">
<doc>Types the given ``text`` into the text field identified by ``locator``.</doc>
<arguments>
<arg>xpath=//*[@id="searchNumber"]</arg>
<arg>${EMPTY}</arg>
</arguments>
<msg timestamp="20210103 16:55:48.687" level="INFO">Typing text '' into text field 'xpath=//*[@id="searchNumber"]'.</msg>
<status status="PASS" starttime="20210103 16:55:48.686" endtime="20210103 16:55:48.820"></status>
</kw>
<kw name="Get Element Count" library="SeleniumLibrary">
<doc>Returns the number of elements matching ``locator``.</doc>
<arguments>
<arg>xpath=//*[@id="tablePanel"]/div/div/div[2]/div[2]/div[2]/table/tbody/tr</arg>
</arguments>
<assign>
<var>${geshu}</var>
</assign>
<msg timestamp="20210103 16:55:48.833" level="INFO">${geshu} = 6</msg>
<status status="PASS" starttime="20210103 16:55:48.821" endtime="20210103 16:55:48.833"></status>
</kw>
<kw name="Should Be Equal" library="BuiltIn">
<doc>Fails if the given objects are unequal.</doc>
<arguments>
<arg>${geshu}</arg>
<arg>${ge}</arg>
</arguments>
<status status="PASS" starttime="20210103 16:55:48.835" endtime="20210103 16:55:48.835"></status>
</kw>
<kw name="Input Text" library="SeleniumLibrary">
<doc>Types the given ``text`` into the text field identified by ``locator``.</doc>
<arguments>
<arg>searchNumber</arg>
<arg>841</arg>
</arguments>
<msg timestamp="20210103 16:55:48.836" level="INFO">Typing text '841' into text field 'searchNumber'.</msg>
<status status="PASS" starttime="20210103 16:55:48.836" endtime="20210103 16:55:48.918"></status>
</kw>
<status status="PASS" starttime="20210103 16:55:46.365" endtime="20210103 16:55:48.919" critical="yes"></status>
</test>
<status status="FAIL" starttime="20210103 16:55:36.787" endtime="20210103 16:55:48.924"></status>
</suite>
<statistics>
<total>
<stat pass="3" fail="1">Critical Tests</stat>
<stat pass="3" fail="1">All Tests</stat>
</total>
<tag>
<stat pass="0" fail="1">asdfgbn</stat>
</tag>
<suite>
<stat pass="3" fail="1" id="s1" name="Eee">Eee</stat>
</suite>
</statistics>
<errors>
</errors>
</robot>
